<?xml version="1.0" encoding="UTF-8"?>
<!-- Generated by org.testng.reporters.JUnitReportReporter -->
<testsuite skipped="0" hostname="DESKTOP-KGFJJ8B" name="MyRunner.TestRunner" tests="1" failures="0" timestamp="17 Jun 2019 19:26:53 GMT" time="8.452" errors="0">
  <testcase name="feature" time="8.452" classname="MyRunner.TestRunner"/>
</testsuite> <!-- MyRunner.TestRunner -->
